$ express --view=pug shyne-app
$ npm install
$ git init
$ DEBUG=myapp:* npm start
$ chrome http://localhost:3000/

$ node --version
v10.5.0

$ npm --version
6.1.0

$ git --version
git version 2.12.2


$ heroku create
Creating app... done, ⬢ obscure-fortress-47621
https://obscure-fortress-47621.herokuapp.com/ | https://git.heroku.com/obscure-fortress-47621.git

- added Procfile:
web: node bin/www

$ git push heroku master
$ heroku ps:scale web=1
$ heroku open

$ heroku domains:add www.shynemoney.com


